INFO - some info!
INFO -  |||||||||| Opened a new session! |||||||||| 
INFO - Fetching products List...
INFO -  |||||||||| Closed a session! |||||||||| 
INFO -  |||||||||| Opened a new session! |||||||||| 
INFO - Fetching products List...
INFO - Fetching products List...
INFO -  |||||||||| Closed a session! |||||||||| 
INFO -  |||||||||| Opened a new session! |||||||||| 
INFO - Fetching products List...
INFO - Fetching products List...
INFO - Chronological: [com.revature.ims_backend.entities.PurchaseOrder@4d4d48a6]
INFO -  |||||||||| Closed a session! |||||||||| 
INFO -  |||||||||| Opened a new session! |||||||||| 
INFO - Fetching products List...
INFO - Fetching products List...
INFO - Chronological: 1
INFO -  |||||||||| Closed a session! |||||||||| 
INFO -  |||||||||| Opened a new session! |||||||||| 
INFO - Fetching products List...
INFO - Fetching products List...
INFO - Chronological: 1
INFO -  |||||||||| Closed a session! |||||||||| 
INFO -  |||||||||| Opened a new session! |||||||||| 
INFO - Fetching products List...
INFO - Fetching products List...
INFO - Chronological: 1
INFO -  |||||||||| Closed a session! |||||||||| 
INFO -  |||||||||| Opened a new session! |||||||||| 
INFO - Fetching products List...
INFO - Fetching products List...
INFO - Chronological: 1
INFO -  |||||||||| Opened a new session! |||||||||| 
INFO - Fetching products List...
INFO - Fetching products List...
INFO - Chronological: 1
INFO -  |||||||||| Closed a session! |||||||||| 
INFO -  |||||||||| Opened a new session! |||||||||| 
INFO - Fetching products List...
INFO - Fetching products List...
INFO - Chronological: 1
INFO -  |||||||||| Closed a session! |||||||||| 
INFO -  |||||||||| Opened a new session! |||||||||| 
INFO - Fetching products List...
INFO - Fetching products List...
INFO - Chronological: 2
INFO -  |||||||||| Closed a session! |||||||||| 
INFO -  |||||||||| Opened a new session! |||||||||| 
INFO - Fetching products List...
INFO - Fetching products List...
INFO - Chronological: 2
INFO -  |||||||||| Closed a session! |||||||||| 
INFO -  |||||||||| Opened a new session! |||||||||| 
INFO - Fetching products List...
INFO - Fetching products List...
INFO - Chronological: 2
INFO -  |||||||||| Closed a session! |||||||||| 
INFO -  |||||||||| Opened a new session! |||||||||| 
INFO - Fetching products List...
INFO - Fetching products List...
INFO - Chronological: 2
INFO -  |||||||||| Closed a session! |||||||||| 
INFO -  |||||||||| Opened a new session! |||||||||| 
INFO - Fetching products List...
INFO - Fetching products List...
INFO - Chronological: 2
INFO -  |||||||||| Closed a session! |||||||||| 
INFO -  |||||||||| Opened a new session! |||||||||| 
INFO - Fetching products List...
INFO - Fetching products List...
INFO - Chronological: 2
INFO -  |||||||||| Closed a session! |||||||||| 
INFO -  |||||||||| Opened a new session! |||||||||| 
INFO - Fetching products List...
INFO - Fetching products List...
INFO -  |||||||||| Closed a session! |||||||||| 
INFO -  |||||||||| Opened a new session! |||||||||| 
INFO - Fetching products List...
INFO - Fetching products List...
INFO -  |||||||||| Closed a session! |||||||||| 
